\BOOKMARK [0][-]{chapter.1}{\376\377\0001\000\040\000C\000o\000u\000r\000s\000e\000w\000o\000r\000k\000\040\0002\000\040\000P\000r\000o\000j\000e\000c\000t\000\040\000P\000l\000a\000n\000n\000i\000n\000g\000\040\000e\000x\000e\000r\000c\000i\000s\000e}{}% 1
\BOOKMARK [1][-]{section.1.1}{\376\377\0001\000.\0001\000\040\000G\000o\000a\000l\000s}{chapter.1}% 2
\BOOKMARK [1][-]{section.1.2}{\376\377\0001\000.\0002\000\040\000R\000e\000q\000u\000i\000r\000e\000m\000e\000n\000t\000s\000\040\000t\000o\000\040\000f\000u\000l\000f\000i\000l\000l\000\040\000g\000o\000a\000l\000s}{chapter.1}% 3
\BOOKMARK [1][-]{section.1.3}{\376\377\0001\000.\0003\000\040\000D\000e\000p\000e\000n\000d\000e\000n\000c\000i\000e\000s\000\040\000\050\000m\000a\000p\000p\000i\000n\000g\000\040\000g\000o\000a\000l\000s\000/\000r\000e\000q\000u\000i\000r\000e\000m\000e\000n\000t\000s\000\040\000e\000t\000c\000\051}{chapter.1}% 4
\BOOKMARK [1][-]{section.1.4}{\376\377\0001\000.\0004\000\040\000P\000l\000a\000n\000:}{chapter.1}% 5
\BOOKMARK [2][-]{subsection.1.4.1}{\376\377\0001\000.\0004\000.\0001\000\040\000W\000h\000a\000t\000\040\000e\000x\000p\000e\000r\000i\000m\000e\000n\000t\000a\000l\000\040\000c\000o\000d\000e\000\040\000c\000a\000n\000\040\000I\000\040\000w\000r\000i\000t\000e\000\040\000n\000o\000w\000?\000\040\000\050\000f\000e\000a\000s\000i\000b\000i\000l\000i\000t\000y\000\040\000s\000t\000u\000d\000i\000e\000s\000\051}{section.1.4}% 6
\BOOKMARK [2][-]{subsection.1.4.2}{\376\377\0001\000.\0004\000.\0002\000\040\000W\000h\000a\000t\000\040\000w\000e\000r\000e\000\040\000t\000h\000e\000\040\000r\000e\000s\000u\000l\000t\000s\000\040\000o\000f\000\040\000t\000r\000y\000i\000n\000g\000\040\000t\000h\000i\000n\000g\000s\000\040\000o\000u\000t\000?}{section.1.4}% 7
\BOOKMARK [0][-]{chapter.2}{\376\377\0002\000\040\000C\000o\000u\000r\000s\000e\000w\000o\000r\000k\000\040\0002\000\040\000-\000\040\000a\000\040\000p\000r\000o\000j\000e\000c\000t\000\040\000m\000a\000n\000a\000g\000e\000r\000\040\000t\000o\000o\000l}{}% 8
\BOOKMARK [1][-]{section.2.1}{\376\377\0002\000.\0001\000\040\000C\000o\000r\000e\000\040\000f\000u\000n\000c\000t\000i\000o\000n\000a\000l\000i\000t\000y\000:}{chapter.2}% 9
\BOOKMARK [2][-]{subsection.2.1.1}{\376\377\0002\000.\0001\000.\0001\000\040\000M\000u\000s\000t\000\040\000\050\000u\000p\000\040\000t\000o\000\040\0001\0000\000\045\000\040\000f\000o\000r\000\040\000e\000a\000c\000h\000\040\000t\000o\000p\000\040\000l\000e\000v\000e\000l\000\040\000f\000e\000a\000t\000u\000r\000e\000\051}{section.2.1}% 10
\BOOKMARK [2][-]{subsection.2.1.2}{\376\377\0002\000.\0001\000.\0002\000\040\000S\000h\000o\000u\000l\000d\000\040\000\050\000u\000p\000\040\000t\000o\000\040\0001\0000\000\045\000\040\000f\000o\000r\000\040\000e\000a\000c\000h\000\040\000t\000o\000p\000\040\000l\000e\000v\000e\000l\000\040\000f\000e\000a\000t\000u\000r\000e\000\051}{section.2.1}% 11
\BOOKMARK [2][-]{subsection.2.1.3}{\376\377\0002\000.\0001\000.\0003\000\040\000C\000o\000u\000l\000d\000\040\000\050\000u\000p\000\040\000t\000o\000\040\0001\0000\000\045\000\040\000f\000o\000r\000\040\000e\000a\000c\000h\000\040\000t\000o\000p\000\040\000l\000e\000v\000e\000l\000\040\000f\000e\000a\000t\000u\000r\000e\000\051}{section.2.1}% 12
\BOOKMARK [2][-]{subsection.2.1.4}{\376\377\0002\000.\0001\000.\0004\000\040\000E\000l\000i\000t\000e\000\040\000c\000h\000a\000l\000l\000e\000n\000g\000e\000s\000\040\000\050\000`\000\250\000W\000o\000n\000\047\000t\000\040\000d\000o\000`\000\250\000\040\000i\000n\000\040\000M\000o\000S\000C\000o\000W\000\040\000t\000e\000r\000m\000s\000\051\000\040\000\050\000u\000p\000\040\000t\000o\000\040\0002\0000\000\045\000\040\000f\000o\000r\000\040\000e\000a\000c\000h\000\040\000t\000o\000p\000\040\000l\000e\000v\000e\000l\000\040\000f\000e\000a\000t\000u\000r\000e\000\051}{section.2.1}% 13
\BOOKMARK [0][-]{chapter.3}{\376\377\0003\000\040\000F\000i\000l\000e\000\040\000I\000n\000d\000e\000x}{}% 14
\BOOKMARK [1][-]{section.3.1}{\376\377\0003\000.\0001\000\040\000F\000i\000l\000e\000\040\000L\000i\000s\000t}{chapter.3}% 15
\BOOKMARK [0][-]{chapter.4}{\376\377\0004\000\040\000F\000i\000l\000e\000\040\000D\000o\000c\000u\000m\000e\000n\000t\000a\000t\000i\000o\000n}{}% 16
\BOOKMARK [1][-]{section.4.1}{\376\377\0004\000.\0001\000\040\000a\000d\000d\000\137\000t\000a\000g\000.\000c\000\040\000F\000i\000l\000e\000\040\000R\000e\000f\000e\000r\000e\000n\000c\000e}{chapter.4}% 17
\BOOKMARK [2][-]{subsection.4.1.1}{\376\377\0004\000.\0001\000.\0001\000\040\000F\000u\000n\000c\000t\000i\000o\000n\000\040\000D\000o\000c\000u\000m\000e\000n\000t\000a\000t\000i\000o\000n}{section.4.1}% 18
\BOOKMARK [3][-]{subsubsection.4.1.1.1}{\376\377\0004\000.\0001\000.\0001\000.\0001\000\040\000a\000d\000d\000\137\000t\000a\000g\000\050\000\051}{subsection.4.1.1}% 19
\BOOKMARK [2][-]{subsection.4.1.2}{\376\377\0004\000.\0001\000.\0002\000\040\000V\000a\000r\000i\000a\000b\000l\000e\000\040\000D\000o\000c\000u\000m\000e\000n\000t\000a\000t\000i\000o\000n}{section.4.1}% 20
\BOOKMARK [3][-]{subsubsection.4.1.2.1}{\376\377\0004\000.\0001\000.\0002\000.\0001\000\040\000f\000i\000l\000e\000n\000a\000m\000e\0001}{subsection.4.1.2}% 21
\BOOKMARK [1][-]{section.4.2}{\376\377\0004\000.\0002\000\040\000a\000d\000d\000\137\000w\000o\000r\000k\000l\000o\000a\000d\000.\000c\000\040\000F\000i\000l\000e\000\040\000R\000e\000f\000e\000r\000e\000n\000c\000e}{chapter.4}% 22
\BOOKMARK [2][-]{subsection.4.2.1}{\376\377\0004\000.\0002\000.\0001\000\040\000F\000u\000n\000c\000t\000i\000o\000n\000\040\000D\000o\000c\000u\000m\000e\000n\000t\000a\000t\000i\000o\000n}{section.4.2}% 23
\BOOKMARK [3][-]{subsubsection.4.2.1.1}{\376\377\0004\000.\0002\000.\0001\000.\0001\000\040\000a\000d\000d\000\137\000w\000o\000r\000k\000l\000o\000a\000d\000\050\000\051}{subsection.4.2.1}% 24
\BOOKMARK [2][-]{subsection.4.2.2}{\376\377\0004\000.\0002\000.\0002\000\040\000V\000a\000r\000i\000a\000b\000l\000e\000\040\000D\000o\000c\000u\000m\000e\000n\000t\000a\000t\000i\000o\000n}{section.4.2}% 25
\BOOKMARK [3][-]{subsubsection.4.2.2.1}{\376\377\0004\000.\0002\000.\0002\000.\0001\000\040\000f\000i\000l\000e\000n\000a\000m\000e}{subsection.4.2.2}% 26
\BOOKMARK [1][-]{section.4.3}{\376\377\0004\000.\0003\000\040\000c\000h\000e\000c\000k\000\137\000t\000a\000g\000.\000c\000\040\000F\000i\000l\000e\000\040\000R\000e\000f\000e\000r\000e\000n\000c\000e}{chapter.4}% 27
\BOOKMARK [2][-]{subsection.4.3.1}{\376\377\0004\000.\0003\000.\0001\000\040\000F\000u\000n\000c\000t\000i\000o\000n\000\040\000D\000o\000c\000u\000m\000e\000n\000t\000a\000t\000i\000o\000n}{section.4.3}% 28
\BOOKMARK [3][-]{subsubsection.4.3.1.1}{\376\377\0004\000.\0003\000.\0001\000.\0001\000\040\000c\000h\000e\000c\000k\000\137\000t\000a\000g\000\050\000\051}{subsection.4.3.1}% 29
\BOOKMARK [1][-]{section.4.4}{\376\377\0004\000.\0004\000\040\000c\000r\000e\000a\000t\000e\000\137\000d\000i\000r\000e\000c\000t\000o\000r\000y\000.\000c\000\040\000F\000i\000l\000e\000\040\000R\000e\000f\000e\000r\000e\000n\000c\000e}{chapter.4}% 30
\BOOKMARK [2][-]{subsection.4.4.1}{\376\377\0004\000.\0004\000.\0001\000\040\000F\000u\000n\000c\000t\000i\000o\000n\000\040\000D\000o\000c\000u\000m\000e\000n\000t\000a\000t\000i\000o\000n}{section.4.4}% 31
\BOOKMARK [3][-]{subsubsection.4.4.1.1}{\376\377\0004\000.\0004\000.\0001\000.\0001\000\040\000c\000r\000e\000a\000t\000e\000\137\000d\000i\000r\000e\000c\000t\000o\000r\000y\000\050\000\051}{subsection.4.4.1}% 32
\BOOKMARK [2][-]{subsection.4.4.2}{\376\377\0004\000.\0004\000.\0002\000\040\000V\000a\000r\000i\000a\000b\000l\000e\000\040\000D\000o\000c\000u\000m\000e\000n\000t\000a\000t\000i\000o\000n}{section.4.4}% 33
\BOOKMARK [3][-]{subsubsection.4.4.2.1}{\376\377\0004\000.\0004\000.\0002\000.\0001\000\040\000t\000e\000m\000p}{subsection.4.4.2}% 34
\BOOKMARK [1][-]{section.4.5}{\376\377\0004\000.\0005\000\040\000c\000r\000e\000a\000t\000e\000\137\000p\000l\000a\000n\000t\000u\000m\000l\000.\000c\000\040\000F\000i\000l\000e\000\040\000R\000e\000f\000e\000r\000e\000n\000c\000e}{chapter.4}% 35
\BOOKMARK [2][-]{subsection.4.5.1}{\376\377\0004\000.\0005\000.\0001\000\040\000F\000u\000n\000c\000t\000i\000o\000n\000\040\000D\000o\000c\000u\000m\000e\000n\000t\000a\000t\000i\000o\000n}{section.4.5}% 36
\BOOKMARK [3][-]{subsubsection.4.5.1.1}{\376\377\0004\000.\0005\000.\0001\000.\0001\000\040\000c\000r\000e\000a\000t\000e\000\137\000p\000l\000a\000n\000t\000u\000m\000l\000\050\000\051}{subsection.4.5.1}% 37
\BOOKMARK [1][-]{section.4.6}{\376\377\0004\000.\0006\000\040\000c\000r\000e\000a\000t\000e\000\137\000s\000u\000b\000d\000i\000r\000e\000c\000t\000o\000r\000y\000.\000c\000\040\000F\000i\000l\000e\000\040\000R\000e\000f\000e\000r\000e\000n\000c\000e}{chapter.4}% 38
\BOOKMARK [2][-]{subsection.4.6.1}{\376\377\0004\000.\0006\000.\0001\000\040\000F\000u\000n\000c\000t\000i\000o\000n\000\040\000D\000o\000c\000u\000m\000e\000n\000t\000a\000t\000i\000o\000n}{section.4.6}% 39
\BOOKMARK [3][-]{subsubsection.4.6.1.1}{\376\377\0004\000.\0006\000.\0001\000.\0001\000\040\000c\000r\000e\000a\000t\000e\000\137\000s\000u\000b\000d\000i\000r\000e\000c\000t\000o\000r\000y\000\050\000\051}{subsection.4.6.1}% 40
\BOOKMARK [2][-]{subsection.4.6.2}{\376\377\0004\000.\0006\000.\0002\000\040\000V\000a\000r\000i\000a\000b\000l\000e\000\040\000D\000o\000c\000u\000m\000e\000n\000t\000a\000t\000i\000o\000n}{section.4.6}% 41
\BOOKMARK [3][-]{subsubsection.4.6.2.1}{\376\377\0004\000.\0006\000.\0002\000.\0001\000\040\000t\000e\000m\000p}{subsection.4.6.2}% 42
\BOOKMARK [1][-]{section.4.7}{\376\377\0004\000.\0007\000\040\000d\000e\000l\000e\000t\000e\000.\000c\000\040\000F\000i\000l\000e\000\040\000R\000e\000f\000e\000r\000e\000n\000c\000e}{chapter.4}% 43
\BOOKMARK [2][-]{subsection.4.7.1}{\376\377\0004\000.\0007\000.\0001\000\040\000F\000u\000n\000c\000t\000i\000o\000n\000\040\000D\000o\000c\000u\000m\000e\000n\000t\000a\000t\000i\000o\000n}{section.4.7}% 44
\BOOKMARK [3][-]{subsubsection.4.7.1.1}{\376\377\0004\000.\0007\000.\0001\000.\0001\000\040\000d\000e\000l\000e\000t\000e\000\137\000p\000r\000o\000j\000e\000c\000t\000\050\000\051}{subsection.4.7.1}% 45
\BOOKMARK [2][-]{subsection.4.7.2}{\376\377\0004\000.\0007\000.\0002\000\040\000V\000a\000r\000i\000a\000b\000l\000e\000\040\000D\000o\000c\000u\000m\000e\000n\000t\000a\000t\000i\000o\000n}{section.4.7}% 46
\BOOKMARK [3][-]{subsubsection.4.7.2.1}{\376\377\0004\000.\0007\000.\0002\000.\0001\000\040\000t\000e\000m\000p\0002}{subsection.4.7.2}% 47
\BOOKMARK [1][-]{section.4.8}{\376\377\0004\000.\0008\000\040\000D\000r\000a\000w\000U\000M\000L\000.\000t\000x\000t\000\040\000F\000i\000l\000e\000\040\000R\000e\000f\000e\000r\000e\000n\000c\000e}{chapter.4}% 48
\BOOKMARK [1][-]{section.4.9}{\376\377\0004\000.\0009\000\040\000e\000x\000e\000r\000c\000i\000s\000e\0007\000.\000m\000d\000\040\000F\000i\000l\000e\000\040\000R\000e\000f\000e\000r\000e\000n\000c\000e}{chapter.4}% 49
\BOOKMARK [1][-]{section.4.10}{\376\377\0004\000.\0001\0000\000\040\000f\000i\000n\000d\000\137\000t\000a\000g\000.\000c\000\040\000F\000i\000l\000e\000\040\000R\000e\000f\000e\000r\000e\000n\000c\000e}{chapter.4}% 50
\BOOKMARK [2][-]{subsection.4.10.1}{\376\377\0004\000.\0001\0000\000.\0001\000\040\000F\000u\000n\000c\000t\000i\000o\000n\000\040\000D\000o\000c\000u\000m\000e\000n\000t\000a\000t\000i\000o\000n}{section.4.10}% 51
\BOOKMARK [3][-]{subsubsection.4.10.1.1}{\376\377\0004\000.\0001\0000\000.\0001\000.\0001\000\040\000f\000i\000n\000d\000\137\000t\000a\000g\000\050\000\051}{subsection.4.10.1}% 52
\BOOKMARK [1][-]{section.4.11}{\376\377\0004\000.\0001\0001\000\040\000l\000i\000s\000t\000\137\000p\000l\000a\000n\000t\000u\000m\000l\000.\000c\000\040\000F\000i\000l\000e\000\040\000R\000e\000f\000e\000r\000e\000n\000c\000e}{chapter.4}% 53
\BOOKMARK [2][-]{subsection.4.11.1}{\376\377\0004\000.\0001\0001\000.\0001\000\040\000F\000u\000n\000c\000t\000i\000o\000n\000\040\000D\000o\000c\000u\000m\000e\000n\000t\000a\000t\000i\000o\000n}{section.4.11}% 54
\BOOKMARK [3][-]{subsubsection.4.11.1.1}{\376\377\0004\000.\0001\0001\000.\0001\000.\0001\000\040\000l\000i\000s\000t\000\137\000p\000l\000a\000n\000t\000u\000m\000l\000\050\000\051}{subsection.4.11.1}% 55
\BOOKMARK [1][-]{section.4.12}{\376\377\0004\000.\0001\0002\000\040\000m\000e\000n\000u\000.\000t\000x\000t\000\040\000F\000i\000l\000e\000\040\000R\000e\000f\000e\000r\000e\000n\000c\000e}{chapter.4}% 56
\BOOKMARK [1][-]{section.4.13}{\376\377\0004\000.\0001\0003\000\040\000m\000o\000v\000e\000\137\000t\000a\000g\000.\000c\000\040\000F\000i\000l\000e\000\040\000R\000e\000f\000e\000r\000e\000n\000c\000e}{chapter.4}% 57
\BOOKMARK [2][-]{subsection.4.13.1}{\376\377\0004\000.\0001\0003\000.\0001\000\040\000F\000u\000n\000c\000t\000i\000o\000n\000\040\000D\000o\000c\000u\000m\000e\000n\000t\000a\000t\000i\000o\000n}{section.4.13}% 58
\BOOKMARK [3][-]{subsubsection.4.13.1.1}{\376\377\0004\000.\0001\0003\000.\0001\000.\0001\000\040\000m\000o\000v\000e\000\137\000t\000a\000g\000\050\000\051}{subsection.4.13.1}% 59
\BOOKMARK [1][-]{section.4.14}{\376\377\0004\000.\0001\0004\000\040\000m\000o\000v\000i\000n\000g\000\137\000f\000i\000l\000e\000s\000.\000c\000\040\000F\000i\000l\000e\000\040\000R\000e\000f\000e\000r\000e\000n\000c\000e}{chapter.4}% 60
\BOOKMARK [2][-]{subsection.4.14.1}{\376\377\0004\000.\0001\0004\000.\0001\000\040\000F\000u\000n\000c\000t\000i\000o\000n\000\040\000D\000o\000c\000u\000m\000e\000n\000t\000a\000t\000i\000o\000n}{section.4.14}% 61
\BOOKMARK [3][-]{subsubsection.4.14.1.1}{\376\377\0004\000.\0001\0004\000.\0001\000.\0001\000\040\000m\000o\000v\000i\000n\000g\000\137\000f\000i\000l\000e\000\050\000\051}{subsection.4.14.1}% 62
\BOOKMARK [2][-]{subsection.4.14.2}{\376\377\0004\000.\0001\0004\000.\0002\000\040\000V\000a\000r\000i\000a\000b\000l\000e\000\040\000D\000o\000c\000u\000m\000e\000n\000t\000a\000t\000i\000o\000n}{section.4.14}% 63
\BOOKMARK [3][-]{subsubsection.4.14.2.1}{\376\377\0004\000.\0001\0004\000.\0002\000.\0001\000\040\000t\000e\000m\000p\0004}{subsection.4.14.2}% 64
\BOOKMARK [1][-]{section.4.15}{\376\377\0004\000.\0001\0005\000\040\000p\000m\000.\000c\000\040\000F\000i\000l\000e\000\040\000R\000e\000f\000e\000r\000e\000n\000c\000e}{chapter.4}% 65
\BOOKMARK [2][-]{subsection.4.15.1}{\376\377\0004\000.\0001\0005\000.\0001\000\040\000F\000u\000n\000c\000t\000i\000o\000n\000\040\000D\000o\000c\000u\000m\000e\000n\000t\000a\000t\000i\000o\000n}{section.4.15}% 66
\BOOKMARK [3][-]{subsubsection.4.15.1.1}{\376\377\0004\000.\0001\0005\000.\0001\000.\0001\000\040\000m\000a\000i\000n\000\050\000\051}{subsection.4.15.1}% 67
\BOOKMARK [1][-]{section.4.16}{\376\377\0004\000.\0001\0006\000\040\000p\000r\000o\000j\000e\000c\000t\000\137\000m\000a\000n\000a\000g\000e\000m\000e\000n\000t\000.\000h\000\040\000F\000i\000l\000e\000\040\000R\000e\000f\000e\000r\000e\000n\000c\000e}{chapter.4}% 68
\BOOKMARK [2][-]{subsection.4.16.1}{\376\377\0004\000.\0001\0006\000.\0001\000\040\000F\000u\000n\000c\000t\000i\000o\000n\000\040\000D\000o\000c\000u\000m\000e\000n\000t\000a\000t\000i\000o\000n}{section.4.16}% 69
\BOOKMARK [3][-]{subsubsection.4.16.1.1}{\376\377\0004\000.\0001\0006\000.\0001\000.\0001\000\040\000a\000d\000d\000\137\000t\000a\000g\000\050\000\051}{subsection.4.16.1}% 70
\BOOKMARK [3][-]{subsubsection.4.16.1.2}{\376\377\0004\000.\0001\0006\000.\0001\000.\0002\000\040\000a\000d\000d\000\137\000w\000o\000r\000k\000l\000o\000a\000d\000\050\000\051}{subsection.4.16.1}% 71
\BOOKMARK [3][-]{subsubsection.4.16.1.3}{\376\377\0004\000.\0001\0006\000.\0001\000.\0003\000\040\000c\000h\000e\000c\000k\000\137\000t\000a\000g\000\050\000\051}{subsection.4.16.1}% 72
\BOOKMARK [3][-]{subsubsection.4.16.1.4}{\376\377\0004\000.\0001\0006\000.\0001\000.\0004\000\040\000c\000r\000e\000a\000t\000e\000\137\000d\000i\000r\000e\000c\000t\000o\000r\000y\000\050\000\051}{subsection.4.16.1}% 73
\BOOKMARK [3][-]{subsubsection.4.16.1.5}{\376\377\0004\000.\0001\0006\000.\0001\000.\0005\000\040\000c\000r\000e\000a\000t\000e\000\137\000p\000l\000a\000n\000t\000u\000m\000l\000\050\000\051}{subsection.4.16.1}% 74
\BOOKMARK [3][-]{subsubsection.4.16.1.6}{\376\377\0004\000.\0001\0006\000.\0001\000.\0006\000\040\000c\000r\000e\000a\000t\000e\000\137\000s\000u\000b\000d\000i\000r\000e\000c\000t\000o\000r\000y\000\050\000\051}{subsection.4.16.1}% 75
\BOOKMARK [3][-]{subsubsection.4.16.1.7}{\376\377\0004\000.\0001\0006\000.\0001\000.\0007\000\040\000d\000e\000l\000e\000t\000e\000\137\000p\000r\000o\000j\000e\000c\000t\000\050\000\051}{subsection.4.16.1}% 76
\BOOKMARK [3][-]{subsubsection.4.16.1.8}{\376\377\0004\000.\0001\0006\000.\0001\000.\0008\000\040\000f\000i\000n\000d\000\137\000t\000a\000g\000\050\000\051}{subsection.4.16.1}% 77
\BOOKMARK [3][-]{subsubsection.4.16.1.9}{\376\377\0004\000.\0001\0006\000.\0001\000.\0009\000\040\000m\000o\000v\000e\000\137\000t\000a\000g\000\050\000\051}{subsection.4.16.1}% 78
\BOOKMARK [3][-]{subsubsection.4.16.1.10}{\376\377\0004\000.\0001\0006\000.\0001\000.\0001\0000\000\040\000m\000o\000v\000i\000n\000g\000\137\000f\000i\000l\000e\000\050\000\051}{subsection.4.16.1}% 79
\BOOKMARK [3][-]{subsubsection.4.16.1.11}{\376\377\0004\000.\0001\0006\000.\0001\000.\0001\0001\000\040\000r\000e\000a\000d\000\137\000f\000i\000l\000e\000\050\000\051}{subsection.4.16.1}% 80
\BOOKMARK [3][-]{subsubsection.4.16.1.12}{\376\377\0004\000.\0001\0006\000.\0001\000.\0001\0002\000\040\000r\000e\000a\000d\000\137\000m\000e\000n\000u\000\050\000\051}{subsection.4.16.1}% 81
\BOOKMARK [3][-]{subsubsection.4.16.1.13}{\376\377\0004\000.\0001\0006\000.\0001\000.\0001\0003\000\040\000r\000e\000n\000a\000m\000e\000\137\000p\000r\000o\000j\000e\000c\000t\000\050\000\051}{subsection.4.16.1}% 82
\BOOKMARK [3][-]{subsubsection.4.16.1.14}{\376\377\0004\000.\0001\0006\000.\0001\000.\0001\0004\000\040\000r\000e\000p\000o\000s\000i\000t\000o\000r\000y\000\050\000\051}{subsection.4.16.1}% 83
\BOOKMARK [3][-]{subsubsection.4.16.1.15}{\376\377\0004\000.\0001\0006\000.\0001\000.\0001\0005\000\040\000s\000e\000a\000r\000c\000h\000\137\000t\000a\000g\000\050\000\051}{subsection.4.16.1}% 84
\BOOKMARK [3][-]{subsubsection.4.16.1.16}{\376\377\0004\000.\0001\0006\000.\0001\000.\0001\0006\000\040\000w\000i\000z\000a\000r\000d\000\050\000\051}{subsection.4.16.1}% 85
\BOOKMARK [1][-]{section.4.17}{\376\377\0004\000.\0001\0007\000\040\000r\000e\000a\000d\000\137\000f\000i\000l\000e\000.\000c\000\040\000F\000i\000l\000e\000\040\000R\000e\000f\000e\000r\000e\000n\000c\000e}{chapter.4}% 86
\BOOKMARK [2][-]{subsection.4.17.1}{\376\377\0004\000.\0001\0007\000.\0001\000\040\000F\000u\000n\000c\000t\000i\000o\000n\000\040\000D\000o\000c\000u\000m\000e\000n\000t\000a\000t\000i\000o\000n}{section.4.17}% 87
\BOOKMARK [3][-]{subsubsection.4.17.1.1}{\376\377\0004\000.\0001\0007\000.\0001\000.\0001\000\040\000r\000e\000a\000d\000\137\000f\000i\000l\000e\000\050\000\051}{subsection.4.17.1}% 88
\BOOKMARK [1][-]{section.4.18}{\376\377\0004\000.\0001\0008\000\040\000r\000e\000a\000d\000\137\000m\000e\000n\000u\000.\000c\000\040\000F\000i\000l\000e\000\040\000R\000e\000f\000e\000r\000e\000n\000c\000e}{chapter.4}% 89
\BOOKMARK [2][-]{subsection.4.18.1}{\376\377\0004\000.\0001\0008\000.\0001\000\040\000F\000u\000n\000c\000t\000i\000o\000n\000\040\000D\000o\000c\000u\000m\000e\000n\000t\000a\000t\000i\000o\000n}{section.4.18}% 90
\BOOKMARK [3][-]{subsubsection.4.18.1.1}{\376\377\0004\000.\0001\0008\000.\0001\000.\0001\000\040\000r\000e\000a\000d\000\137\000m\000e\000n\000u\000\050\000\051}{subsection.4.18.1}% 91
\BOOKMARK [1][-]{section.4.19}{\376\377\0004\000.\0001\0009\000\040\000R\000E\000A\000D\000M\000E\000.\000m\000d\000\040\000F\000i\000l\000e\000\040\000R\000e\000f\000e\000r\000e\000n\000c\000e}{chapter.4}% 92
\BOOKMARK [1][-]{section.4.20}{\376\377\0004\000.\0002\0000\000\040\000r\000e\000n\000a\000m\000e\000.\000c\000\040\000F\000i\000l\000e\000\040\000R\000e\000f\000e\000r\000e\000n\000c\000e}{chapter.4}% 93
\BOOKMARK [2][-]{subsection.4.20.1}{\376\377\0004\000.\0002\0000\000.\0001\000\040\000F\000u\000n\000c\000t\000i\000o\000n\000\040\000D\000o\000c\000u\000m\000e\000n\000t\000a\000t\000i\000o\000n}{section.4.20}% 94
\BOOKMARK [3][-]{subsubsection.4.20.1.1}{\376\377\0004\000.\0002\0000\000.\0001\000.\0001\000\040\000r\000e\000n\000a\000m\000e\000\137\000p\000r\000o\000j\000e\000c\000t\000\050\000\051}{subsection.4.20.1}% 95
\BOOKMARK [2][-]{subsection.4.20.2}{\376\377\0004\000.\0002\0000\000.\0002\000\040\000V\000a\000r\000i\000a\000b\000l\000e\000\040\000D\000o\000c\000u\000m\000e\000n\000t\000a\000t\000i\000o\000n}{section.4.20}% 96
\BOOKMARK [3][-]{subsubsection.4.20.2.1}{\376\377\0004\000.\0002\0000\000.\0002\000.\0001\000\040\000t\000e\000m\000p}{subsection.4.20.2}% 97
\BOOKMARK [1][-]{section.4.21}{\376\377\0004\000.\0002\0001\000\040\000r\000e\000p\000o\000s\000i\000t\000o\000r\000y\000.\000c\000\040\000F\000i\000l\000e\000\040\000R\000e\000f\000e\000r\000e\000n\000c\000e}{chapter.4}% 98
\BOOKMARK [2][-]{subsection.4.21.1}{\376\377\0004\000.\0002\0001\000.\0001\000\040\000F\000u\000n\000c\000t\000i\000o\000n\000\040\000D\000o\000c\000u\000m\000e\000n\000t\000a\000t\000i\000o\000n}{section.4.21}% 99
\BOOKMARK [3][-]{subsubsection.4.21.1.1}{\376\377\0004\000.\0002\0001\000.\0001\000.\0001\000\040\000r\000e\000p\000o\000s\000i\000t\000o\000r\000y\000\050\000\051}{subsection.4.21.1}% 100
\BOOKMARK [2][-]{subsection.4.21.2}{\376\377\0004\000.\0002\0001\000.\0002\000\040\000V\000a\000r\000i\000a\000b\000l\000e\000\040\000D\000o\000c\000u\000m\000e\000n\000t\000a\000t\000i\000o\000n}{section.4.21}% 101
\BOOKMARK [3][-]{subsubsection.4.21.2.1}{\376\377\0004\000.\0002\0001\000.\0002\000.\0001\000\040\000t\000e\000m\000p\0001\0005}{subsection.4.21.2}% 102
\BOOKMARK [3][-]{subsubsection.4.21.2.2}{\376\377\0004\000.\0002\0001\000.\0002\000.\0002\000\040\000t\000e\000m\000p\0001\0006}{subsection.4.21.2}% 103
\BOOKMARK [3][-]{subsubsection.4.21.2.3}{\376\377\0004\000.\0002\0001\000.\0002\000.\0003\000\040\000t\000e\000m\000p\0001\0007}{subsection.4.21.2}% 104
\BOOKMARK [3][-]{subsubsection.4.21.2.4}{\376\377\0004\000.\0002\0001\000.\0002\000.\0004\000\040\000t\000e\000m\000p\0001\0008}{subsection.4.21.2}% 105
\BOOKMARK [1][-]{section.4.22}{\376\377\0004\000.\0002\0002\000\040\000s\000e\000a\000r\000c\000h\000i\000n\000g\000\137\000t\000a\000g\000.\000c\000\040\000F\000i\000l\000e\000\040\000R\000e\000f\000e\000r\000e\000n\000c\000e}{chapter.4}% 106
\BOOKMARK [2][-]{subsection.4.22.1}{\376\377\0004\000.\0002\0002\000.\0001\000\040\000F\000u\000n\000c\000t\000i\000o\000n\000\040\000D\000o\000c\000u\000m\000e\000n\000t\000a\000t\000i\000o\000n}{section.4.22}% 107
\BOOKMARK [3][-]{subsubsection.4.22.1.1}{\376\377\0004\000.\0002\0002\000.\0001\000.\0001\000\040\000s\000e\000a\000r\000c\000h\000\137\000t\000a\000g\000\050\000\051}{subsection.4.22.1}% 108
\BOOKMARK [1][-]{section.4.23}{\376\377\0004\000.\0002\0003\000\040\000w\000i\000z\000a\000r\000d\000.\000c\000\040\000F\000i\000l\000e\000\040\000R\000e\000f\000e\000r\000e\000n\000c\000e}{chapter.4}% 109
\BOOKMARK [2][-]{subsection.4.23.1}{\376\377\0004\000.\0002\0003\000.\0001\000\040\000F\000u\000n\000c\000t\000i\000o\000n\000\040\000D\000o\000c\000u\000m\000e\000n\000t\000a\000t\000i\000o\000n}{section.4.23}% 110
\BOOKMARK [3][-]{subsubsection.4.23.1.1}{\376\377\0004\000.\0002\0003\000.\0001\000.\0001\000\040\000w\000i\000z\000a\000r\000d\000\050\000\051}{subsection.4.23.1}% 111
\BOOKMARK [1][-]{section.4.24}{\376\377\0004\000.\0002\0004\000\040\000w\000i\000z\000a\000r\000d\000\137\000m\000e\000n\000u\000.\000t\000x\000t\000\040\000F\000i\000l\000e\000\040\000R\000e\000f\000e\000r\000e\000n\000c\000e}{chapter.4}% 112
\BOOKMARK [0][-]{section*.49}{\376\377\000I\000n\000d\000e\000x}{}% 113
